<?xml version="1.0" encoding="UTF-8"?>
<testsuite xmlns:xsi="http://www.w3.org/2001/XMLSchema-instance" xsi:noNamespaceSchemaLocation="https://maven.apache.org/surefire/maven-surefire-plugin/xsd/surefire-test-report.xsd" name="br.com.swconsultoria.nfe.NfeTest" time="2.204" tests="2" errors="0" skipped="0" failures="0">
  <properties>
[...]
</properties>
  <testcase name="testeCancelamento{NFeRecepcaoEvento4Stub}" classname="br.com.swconsultoria.nfe.NfeTest" time="1.332"/>
  <testcase name="testeStatusServico{NFeStatusServico4Stub}" classname="br.com.swconsultoria.nfe.NfeTest" time="0.207"/>
</testsuite>